2015-05-01 23:44:34 INFO main org.springframework.context.support.ClassPathXmlApplicationContext:513- Refreshing org.springframework.context.support.ClassPathXmlApplicationContext@53bd815b: startup date [Fri May 01 23:44:34 CST 2015]; root of context hierarchy
 2015-05-01 23:44:34 INFO main org.springframework.beans.factory.xml.XmlBeanDefinitionReader:316- Loading XML bean definitions from class path resource [beans.xml]
 2015-05-01 23:44:36 INFO main org.springframework.orm.hibernate3.annotation.AnnotationSessionFactoryBean:713- Building new Hibernate SessionFactory
 2015-05-01 23:44:39 INFO main org.springframework.orm.hibernate3.HibernateTransactionManager:418- Using DataSource [org.apache.commons.dbcp.BasicDataSource@7749bf93] of Hibernate SessionFactory for HibernateTransactionManager
 2015-05-01 23:44:39 INFO main com.shopspider.container.ShopsContainer:36- begin to get shop urls which already exist
 2015-05-01 23:45:10 INFO main com.shopspider.main.ProcessControlImpl:48- The process's bContinue is :false
 2015-05-01 23:45:10 INFO pool-1-thread-1 com.shopspider.thread.InitialParseThread:67- InitialPareseThread begin to run!
 2015-05-01 23:45:10 INFO pool-1-thread-17 com.shopspider.thread.ShopDBThread:50- ShopDBTread get no shops to operate!
 2015-05-01 23:45:10 INFO pool-1-thread-1 com.shopspider.thread.InitialParseThread:404- Get 60 formattedCat2PageUrl
 2015-05-01 23:45:20 INFO pool-1-thread-17 com.shopspider.thread.ShopDBThread:50- ShopDBTread get no shops to operate!
 2015-05-01 23:45:30 INFO pool-1-thread-2 com.shopspider.container.PageCollectionsContainer:79- takePageColletions for catNameŮװ
 2015-05-01 23:45:30 INFO pool-1-thread-4 com.shopspider.container.PageCollectionsContainer:79- takePageColletions for catNameŮװ
 2015-05-01 23:45:30 INFO pool-1-thread-17 com.shopspider.thread.ShopDBThread:50- ShopDBTread get no shops to operate!
 2015-05-01 23:45:31 INFO pool-1-thread-14 com.shopspider.thread.ParseListByKeyWordThread:77- Cant't parse total shop count in page :http://s.taobao.com/search?&app=shopsearch&q=%B4%F2%B5%D7%BF%E3
 2015-05-01 23:45:31 INFO pool-1-thread-11 com.shopspider.thread.ParseListByKeyWordThread:77- Cant't parse total shop count in page :http://s.taobao.com/search?&app=shopsearch&q=T%D0%F4
 2015-05-01 23:45:31 INFO pool-1-thread-13 com.shopspider.thread.ParseListByKeyWordThread:77- Cant't parse total shop count in page :http://s.taobao.com/search?&app=shopsearch&q=%B4%F2%B5%D7%C9%C0
 2015-05-01 23:45:31 INFO pool-1-thread-7 com.shopspider.thread.ParseListByKeyWordThread:77- Cant't parse total shop count in page :http://s.taobao.com/search?&app=shopsearch&q=%BA%AB%B0%E6%D0%C2%BF%EE
 2015-05-01 23:45:31 INFO pool-1-thread-12 com.shopspider.thread.ParseListByKeyWordThread:77- Cant't parse total shop count in page :http://s.taobao.com/search?&app=shopsearch&q=%C3%AB%D2%C2
 2015-05-01 23:45:31 INFO pool-1-thread-16 com.shopspider.thread.ParseListByKeyWordThread:77- Cant't parse total shop count in page :http://s.taobao.com/search?&app=shopsearch&q=%BA%AB%B6%BC%D2%C2%C9%E1
 2015-05-01 23:45:31 INFO pool-1-thread-8 com.shopspider.thread.ParseListByKeyWordThread:77- Cant't parse total shop count in page :http://s.taobao.com/search?&app=shopsearch&q=%D5%EB%D6%AF%C9%C0
 2015-05-01 23:45:31 INFO pool-1-thread-10 com.shopspider.thread.ParseListByKeyWordThread:77- Cant't parse total shop count in page :http://s.taobao.com/search?&app=shopsearch&q=%C5%AE%D7%B0
 2015-05-01 23:45:32 INFO pool-1-thread-11 com.shopspider.thread.ParseListByKeyWordThread:77- Cant't parse total shop count in page :http://s.taobao.com/search?&app=shopsearch&q=%D1%A9%B7%C4%C9%C0
 2015-05-01 23:45:32 INFO pool-1-thread-10 com.shopspider.thread.ParseListByKeyWordThread:77- Cant't parse total shop count in page :http://s.taobao.com/search?&app=shopsearch&q=%D0%B1%BF%E6%B0%FC
 2015-05-01 23:45:32 INFO pool-1-thread-14 com.shopspider.thread.ParseListByKeyWordThread:77- Cant't parse total shop count in page :http://s.taobao.com/search?&app=shopsearch&q=%B6%CC%BF%E3
 2015-05-01 23:45:32 INFO pool-1-thread-7 com.shopspider.thread.ParseListByKeyWordThread:77- Cant't parse total shop count in page :http://s.taobao.com/search?&app=shopsearch&q=%B6%CC%CD%E2%CC%D7
 2015-05-01 23:45:32 INFO pool-1-thread-12 com.shopspider.thread.ParseListByKeyWordThread:77- Cant't parse total shop count in page :http://s.taobao.com/search?&app=shopsearch&q=%B0%EB%C9%ED%C8%B9
 2015-05-01 23:45:32 INFO pool-1-thread-10 com.shopspider.thread.ParseListByKeyWordThread:77- Cant't parse total shop count in page :http://s.taobao.com/search?&app=shopsearch&q=%B8%DF%B0%EF%D0%AC%A3%AC%CA%D6%C1%B4%CA%D6%EF%ED%A3%AC%C3%B1%D7%D3
 2015-05-01 23:45:32 INFO pool-1-thread-11 com.shopspider.thread.ParseListByKeyWordThread:77- Cant't parse total shop count in page :http://s.taobao.com/search?&app=shopsearch&q=%CA%D6%CC%E1%B0%FC%A3%AC%B6%CC%D1%A5%B5%CD%B0%EF%D0%AC
 2015-05-01 23:45:32 INFO pool-1-thread-8 com.shopspider.thread.ParseListByKeyWordThread:77- Cant't parse total shop count in page :http://s.taobao.com/search?&app=shopsearch&q=%C3%AB%C4%D8%CD%E2%CC%D7%A3%AC%B5%A5%BC%E7%B0%FC
 2015-05-01 23:45:32 INFO pool-1-thread-13 com.shopspider.thread.ParseListByKeyWordThread:77- Cant't parse total shop count in page :http://s.taobao.com/search?&app=shopsearch&q=%D6%D0%B3%A4%BF%EE%CD%E2%CC%D7
 2015-05-01 23:45:32 INFO pool-1-thread-7 com.shopspider.thread.ParseListByKeyWordThread:77- Cant't parse total shop count in page :http://s.taobao.com/search?&app=shopsearch&q=%B6%FA%CC%D7%A1%A3
 2015-05-01 23:45:32 INFO pool-1-thread-16 com.shopspider.thread.ParseListByKeyWordThread:77- Cant't parse total shop count in page :http://s.taobao.com/search?&app=shopsearch&q=%C5%A3%D7%D0%BF%E3
 2015-05-01 23:45:32 INFO pool-1-thread-11 com.shopspider.thread.ParseListByKeyWordThread:77- Cant't parse total shop count in page :http://s.taobao.com/search?&app=shopsearch&q=%D0%A1%B7%AC%D0%DC
 2015-05-01 23:45:32 INFO pool-1-thread-14 com.shopspider.thread.ParseListByKeyWordThread:77- Cant't parse total shop count in page :http://s.taobao.com/search?&app=shopsearch&q=%CE%A7%BD%ED
 2015-05-01 23:45:32 INFO pool-1-thread-12 com.shopspider.thread.ParseListByKeyWordThread:77- Cant't parse total shop count in page :http://s.taobao.com/search?&app=shopsearch&q=%C1%AC%D2%C2%C8%B9
 2015-05-01 23:45:32 INFO pool-1-thread-8 com.shopspider.thread.ParseListByKeyWordThread:77- Cant't parse total shop count in page :http://s.taobao.com/search?&app=shopsearch&q=%D0%A1%B7%AC%C7%D1
 2015-05-01 23:45:32 INFO pool-1-thread-13 com.shopspider.thread.ParseListByKeyWordThread:77- Cant't parse total shop count in page :http://s.taobao.com/search?&app=shopsearch&q=kg
 2015-05-01 23:45:33 INFO pool-1-thread-10 com.shopspider.thread.ParseListByKeyWordThread:77- Cant't parse total shop count in page :http://s.taobao.com/search?&app=shopsearch&q=%CB%BF%CD%E0
 2015-05-01 23:45:33 INFO pool-1-thread-11 com.shopspider.thread.ParseListByKeyWordThread:77- Cant't parse total shop count in page :http://s.taobao.com/search?&app=shopsearch&q=%B4%CC%D0%E5
 2015-05-01 23:45:33 INFO pool-1-thread-16 com.shopspider.thread.ParseListByKeyWordThread:77- Cant't parse total shop count in page :http://s.taobao.com/search?&app=shopsearch&q=%D0%DE%C9%ED
 2015-05-01 23:45:33 INFO pool-1-thread-14 com.shopspider.thread.ParseListByKeyWordThread:77- Cant't parse total shop count in page :http://s.taobao.com/search?&app=shopsearch&q=%D3%A1%BB%A8
 2015-05-01 23:45:33 INFO pool-1-thread-7 com.shopspider.thread.ParseListByKeyWordThread:77- Cant't parse total shop count in page :http://s.taobao.com/search?&app=shopsearch&q=%C9%CF%D2%C2
 2015-05-01 23:45:33 INFO pool-1-thread-13 com.shopspider.thread.ParseListByKeyWordThread:77- Cant't parse total shop count in page :http://s.taobao.com/search?&app=shopsearch&q=%C5%AE%D7%B0
 2015-05-01 23:45:33 INFO pool-1-thread-15 com.shopspider.thread.ParseListByKeyWordThread:77- Cant't parse total shop count in page :http://s.taobao.com/search?&app=shopsearch&q=%C1%AC%D2%C2%C8%B9
 2015-05-01 23:45:33 INFO pool-1-thread-12 com.shopspider.thread.ParseListByKeyWordThread:77- Cant't parse total shop count in page :http://s.taobao.com/search?&app=shopsearch&q=%CD%E2%C3%B3%D4%AD%B5%A5
 2015-05-01 23:45:33 INFO pool-1-thread-10 com.shopspider.thread.ParseListByKeyWordThread:77- Cant't parse total shop count in page :http://s.taobao.com/search?&app=shopsearch&q=%BF%ED%CB%C9
 2015-05-01 23:45:33 INFO pool-1-thread-8 com.shopspider.thread.ParseListByKeyWordThread:77- Cant't parse total shop count in page :http://s.taobao.com/search?&app=shopsearch&q=%C5%AE%CA%BF
 2015-05-01 23:45:33 INFO pool-1-thread-11 com.shopspider.thread.ParseListByKeyWordThread:77- Cant't parse total shop count in page :http://s.taobao.com/search?&app=shopsearch&q=%C6%B4%BD%D3
 2015-05-01 23:45:33 INFO pool-1-thread-14 com.shopspider.thread.ParseListByKeyWordThread:77- Cant't parse total shop count in page :http://s.taobao.com/search?&app=shopsearch&q=%B4%BA%CF%C4
 2015-05-01 23:45:33 INFO pool-1-thread-11 com.shopspider.thread.ParseListByKeyWordThread:77- Cant't parse total shop count in page :http://s.taobao.com/search?&app=shopsearch&q=%BB%A8%B6%E4
 2015-05-01 23:45:34 INFO pool-1-thread-16 com.shopspider.thread.ParseListByKeyWordThread:77- Cant't parse total shop count in page :http://s.taobao.com/search?&app=shopsearch&q=%D0%C2%BF%EE
 2015-05-01 23:45:34 INFO pool-1-thread-13 com.shopspider.thread.ParseListByKeyWordThread:77- Cant't parse total shop count in page :http://s.taobao.com/search?&app=shopsearch&q=%C4%D0%D7%B0
 2015-05-01 23:45:34 INFO pool-1-thread-8 com.shopspider.thread.ParseListByKeyWordThread:77- Cant't parse total shop count in page :http://s.taobao.com/search?&app=shopsearch&q=%B4%BF%C9%AB
 2015-05-01 23:45:34 INFO pool-1-thread-10 com.shopspider.thread.ParseListByKeyWordThread:77- Cant't parse total shop count in page :http://s.taobao.com/search?&app=shopsearch&q=%B4%BF%C3%DE
 2015-05-01 23:45:34 INFO pool-1-thread-12 com.shopspider.thread.ParseListByKeyWordThread:77- Cant't parse total shop count in page :http://s.taobao.com/search?&app=shopsearch&q=%CD%AF%D7%B0
 2015-05-01 23:45:34 INFO pool-1-thread-15 com.shopspider.thread.ParseListByKeyWordThread:77- Cant't parse total shop count in page :http://s.taobao.com/search?&app=shopsearch&q=%B6%CC%D0%E4
 2015-05-01 23:45:34 INFO pool-1-thread-7 com.shopspider.thread.ParseListByKeyWordThread:77- Cant't parse total shop count in page :http://s.taobao.com/search?&app=shopsearch&q=%C4%D0%CA%BF
 2015-05-01 23:45:34 INFO pool-1-thread-9 com.shopspider.thread.ParseListByKeyWordThread:77- Cant't parse total shop count in page :http://s.taobao.com/search?&app=shopsearch&q=2015%C5%AE%D7%B0
 2015-05-01 23:45:34 INFO pool-1-thread-14 com.shopspider.thread.ParseListByKeyWordThread:77- Cant't parse total shop count in page :http://s.taobao.com/search?&app=shopsearch&q=%C0%D9%CB%BF
 2015-05-01 23:45:34 INFO pool-1-thread-12 com.shopspider.thread.ParseListByKeyWordThread:77- Cant't parse total shop count in page :http://s.taobao.com/search?&app=shopsearch&q=%B6%CC%CD%E2%CC%D7
 2015-05-01 23:45:34 INFO pool-1-thread-13 com.shopspider.thread.ParseListByKeyWordThread:77- Cant't parse total shop count in page :http://s.taobao.com/search?&app=shopsearch&q=%B0%EB%C9%ED%C8%B9
 2015-05-01 23:45:34 INFO pool-1-thread-10 com.shopspider.thread.ParseListByKeyWordThread:77- Cant't parse total shop count in page :http://s.taobao.com/search?&app=shopsearch&q=%C5%A3%D7%D0%BF%E3
 2015-05-01 23:45:34 INFO pool-1-thread-16 com.shopspider.thread.ParseListByKeyWordThread:77- Cant't parse total shop count in page :http://s.taobao.com/search?&app=shopsearch&q=%D0%DD%CF%D0%BF%E3
 2015-05-01 23:45:34 INFO pool-1-thread-8 com.shopspider.thread.ParseListByKeyWordThread:77- Cant't parse total shop count in page :http://s.taobao.com/search?&app=shopsearch&q=%B4%F2%B5%D7%CD%E0
 2015-05-01 23:45:34 INFO pool-1-thread-7 com.shopspider.thread.ParseListByKeyWordThread:77- Cant't parse total shop count in page :http://s.taobao.com/search?&app=shopsearch&q=%C3%C0%CD%C8%CD%E0
 2015-05-01 23:45:34 INFO pool-1-thread-11 com.shopspider.thread.ParseListByKeyWordThread:77- Cant't parse total shop count in page :http://s.taobao.com/search?&app=shopsearch&q=%D1%A9%B7%C4
 2015-05-01 23:45:34 INFO pool-1-thread-9 com.shopspider.thread.ParseListByKeyWordThread:77- Cant't parse total shop count in page :http://s.taobao.com/search?&app=shopsearch&q=%C0%D9%CB%BF%C9%C0
 2015-05-01 23:45:34 INFO pool-1-thread-15 com.shopspider.thread.ParseListByKeyWordThread:77- Cant't parse total shop count in page :http://s.taobao.com/search?&app=shopsearch&q=%B6%CC%CD%E0
 2015-05-01 23:45:35 INFO pool-1-thread-13 com.shopspider.thread.ParseListByKeyWordThread:77- Cant't parse total shop count in page :http://s.taobao.com/search?&app=shopsearch&q=%D1%A9%B7%C4%C9%C0
 2015-05-01 23:45:35 INFO pool-1-thread-11 com.shopspider.thread.ParseListByKeyWordThread:77- Cant't parse total shop count in page :http://s.taobao.com/search?&app=shopsearch&q=t%D0%F4
 2015-05-01 23:45:35 INFO pool-1-thread-14 com.shopspider.thread.ParseListByKeyWordThread:77- Cant't parse total shop count in page :http://s.taobao.com/search?&app=shopsearch&q=%B3%C4%C9%C0
 2015-05-01 23:45:35 INFO pool-1-thread-15 com.shopspider.thread.ParseListByKeyWordThread:77- Cant't parse total shop count in page :http://s.taobao.com/search?&app=shopsearch&q=%BC%D2%BE%D3%B7%FE%CC%D7%D7%B0
 2015-05-01 23:45:35 INFO pool-1-thread-16 com.shopspider.thread.ParseListByKeyWordThread:77- Cant't parse total shop count in page :http://s.taobao.com/search?&app=shopsearch&q=%B4%F3%C2%EB%C5%AE%D7%B0
 2015-05-01 23:45:35 INFO pool-1-thread-13 com.shopspider.thread.ParseListByKeyWordThread:77- Cant't parse total shop count in page :http://s.taobao.com/search?&app=shopsearch&q=%C3%AB%C4%D8%CD%E2%CC%D7
 2015-05-01 23:45:35 INFO pool-1-thread-9 com.shopspider.thread.ParseListByKeyWordThread:77- Cant't parse total shop count in page :http://s.taobao.com/search?&app=shopsearch&q=%B0%EB%C9%ED%C8%B9
 2015-05-01 23:45:35 INFO pool-1-thread-16 com.shopspider.thread.ParseListByKeyWordThread:77- Cant't parse total shop count in page :http://s.taobao.com/search?&app=shopsearch&q=%C0%D9%CB%BF%C9%C0
 2015-05-01 23:45:35 INFO pool-1-thread-13 com.shopspider.thread.ParseListByKeyWordThread:77- Cant't parse total shop count in page :http://s.taobao.com/search?&app=shopsearch&q=%B3%C4%C9%C0
 2015-05-01 23:45:35 INFO pool-1-thread-14 com.shopspider.thread.ParseListByKeyWordThread:77- Cant't parse total shop count in page :http://s.taobao.com/search?&app=shopsearch&q=%CB%AF%D2%C2
 2015-05-01 23:45:35 INFO pool-1-thread-9 com.shopspider.thread.ParseListByKeyWordThread:77- Cant't parse total shop count in page :http://s.taobao.com/search?&app=shopsearch&q=%C1%AC%D2%C2%C8%B9
 2015-05-01 23:45:36 INFO pool-1-thread-15 com.shopspider.thread.ParseListByKeyWordThread:77- Cant't parse total shop count in page :http://s.taobao.com/search?&app=shopsearch&q=%C8%DE%C9%C0
 2015-05-01 23:45:36 INFO pool-1-thread-16 com.shopspider.thread.ParseListByKeyWordThread:77- Cant't parse total shop count in page :http://s.taobao.com/search?&app=shopsearch&q=%D1%A9%B7%C4%C9%C0
 2015-05-01 23:45:36 INFO pool-1-thread-10 com.shopspider.thread.ParseListByKeyWordThread:77- Cant't parse total shop count in page :http://s.taobao.com/search?&app=shopsearch&q=%CE%C0%D2%C2
 2015-05-01 23:45:36 INFO pool-1-thread-12 com.shopspider.thread.ParseListByKeyWordThread:77- Cant't parse total shop count in page :http://s.taobao.com/search?&app=shopsearch&q=t%D0%F4
 2015-05-01 23:45:36 INFO pool-1-thread-14 com.shopspider.thread.ParseListByKeyWordThread:77- Cant't parse total shop count in page :http://s.taobao.com/search?&app=shopsearch&q=%D4%AD%B5%A5
 2015-05-01 23:45:36 INFO pool-1-thread-9 com.shopspider.thread.ParseListByKeyWordThread:77- Cant't parse total shop count in page :http://s.taobao.com/search?&app=shopsearch&q=%CD%BC%B0%B8
 2015-05-01 23:45:36 INFO pool-1-thread-13 com.shopspider.thread.ParseListByKeyWordThread:77- Cant't parse total shop count in page :http://s.taobao.com/search?&app=shopsearch&q=%C4%DA%B4%EE
 2015-05-01 23:46:36 INFO main org.springframework.context.support.ClassPathXmlApplicationContext:513- Refreshing org.springframework.context.support.ClassPathXmlApplicationContext@53bd815b: startup date [Fri May 01 23:46:36 CST 2015]; root of context hierarchy
 2015-05-01 23:46:37 INFO main org.springframework.beans.factory.xml.XmlBeanDefinitionReader:316- Loading XML bean definitions from class path resource [beans.xml]
 2015-05-01 23:46:37 INFO main org.springframework.orm.hibernate3.annotation.AnnotationSessionFactoryBean:713- Building new Hibernate SessionFactory
 2015-05-01 23:46:38 INFO main org.springframework.orm.hibernate3.HibernateTransactionManager:418- Using DataSource [org.apache.commons.dbcp.BasicDataSource@7749bf93] of Hibernate SessionFactory for HibernateTransactionManager
 2015-05-01 23:46:38 INFO main com.shopspider.container.ShopsContainer:36- begin to get shop urls which already exist
 2015-05-01 23:46:45 INFO main com.shopspider.main.ProcessControlImpl:48- The process's bContinue is :false
 2015-05-01 23:46:45 INFO pool-1-thread-1 com.shopspider.thread.InitialParseThread:67- InitialPareseThread begin to run!
 2015-05-01 23:46:45 INFO pool-1-thread-17 com.shopspider.thread.ShopDBThread:50- ShopDBTread get no shops to operate!
 2015-05-01 23:46:45 INFO pool-1-thread-1 com.shopspider.thread.InitialParseThread:404- Get 60 formattedCat2PageUrl
 2015-05-01 23:46:55 INFO pool-1-thread-17 com.shopspider.thread.ShopDBThread:50- ShopDBTread get no shops to operate!
 2015-05-01 23:47:05 INFO pool-1-thread-4 com.shopspider.container.PageCollectionsContainer:79- takePageColletions for catNameŮװ
 2015-05-01 23:47:05 INFO pool-1-thread-2 com.shopspider.container.PageCollectionsContainer:79- takePageColletions for catNameŮװ
 2015-05-01 23:47:05 INFO pool-1-thread-17 com.shopspider.thread.ShopDBThread:50- ShopDBTread get no shops to operate!
 2015-05-01 23:47:05 INFO pool-1-thread-10 com.shopspider.thread.ParseListByKeyWordThread:77- Cant't parse total shop count in page :http://s.taobao.com/search?&app=shopsearch&q=%BA%AB%B6%BC%D2%C2%C9%E1
 2015-05-01 23:47:05 INFO pool-1-thread-13 com.shopspider.thread.ParseListByKeyWordThread:77- Cant't parse total shop count in page :http://s.taobao.com/search?&app=shopsearch&q=2015%C5%AE%D7%B0
 2015-05-01 23:47:06 INFO pool-1-thread-15 com.shopspider.thread.ParseListByKeyWordThread:77- Cant't parse total shop count in page :http://s.taobao.com/search?&app=shopsearch&q=%B4%F2%B5%D7%C9%C0
 2015-05-01 23:47:06 INFO pool-1-thread-11 com.shopspider.thread.ParseListByKeyWordThread:77- Cant't parse total shop count in page :http://s.taobao.com/search?&app=shopsearch&q=%B4%F2%B5%D7%BF%E3
 2015-05-01 23:47:06 INFO pool-1-thread-7 com.shopspider.thread.ParseListByKeyWordThread:77- Cant't parse total shop count in page :http://s.taobao.com/search?&app=shopsearch&q=%BA%AB%B0%E6%D0%C2%BF%EE
 2015-05-01 23:47:06 INFO pool-1-thread-16 com.shopspider.thread.ParseListByKeyWordThread:77- Cant't parse total shop count in page :http://s.taobao.com/search?&app=shopsearch&q=%D5%EB%D6%AF%C9%C0
 2015-05-01 23:47:06 INFO pool-1-thread-10 com.shopspider.thread.ParseListByKeyWordThread:77- Cant't parse total shop count in page :http://s.taobao.com/search?&app=shopsearch&q=%B6%CC%BF%E3
 2015-05-01 23:47:06 INFO pool-1-thread-9 com.shopspider.thread.ParseListByKeyWordThread:77- Cant't parse total shop count in page :http://s.taobao.com/search?&app=shopsearch&q=%C3%AB%D2%C2
 2015-05-01 23:47:06 INFO pool-1-thread-12 com.shopspider.thread.ParseListByKeyWordThread:77- Cant't parse total shop count in page :http://s.taobao.com/search?&app=shopsearch&q=T%D0%F4
 2015-05-01 23:47:06 INFO pool-1-thread-13 com.shopspider.thread.ParseListByKeyWordThread:77- Cant't parse total shop count in page :http://s.taobao.com/search?&app=shopsearch&q=%D1%A9%B7%C4%C9%C0
 2015-05-01 23:47:06 INFO pool-1-thread-15 com.shopspider.thread.ParseListByKeyWordThread:77- Cant't parse total shop count in page :http://s.taobao.com/search?&app=shopsearch&q=%D6%D0%B3%A4%BF%EE%CD%E2%CC%D7
 2015-05-01 23:47:06 INFO pool-1-thread-13 com.shopspider.thread.ParseListByKeyWordThread:77- Cant't parse total shop count in page :http://s.taobao.com/search?&app=shopsearch&q=%B8%DF%B0%EF%D0%AC%A3%AC%CA%D6%C1%B4%CA%D6%EF%ED%A3%AC%C3%B1%D7%D3
 2015-05-01 23:47:06 INFO pool-1-thread-11 com.shopspider.thread.ParseListByKeyWordThread:77- Cant't parse total shop count in page :http://s.taobao.com/search?&app=shopsearch&q=%B6%CC%CD%E2%CC%D7
 2015-05-01 23:47:06 INFO pool-1-thread-14 com.shopspider.thread.ParseListByKeyWordThread:77- Cant't parse total shop count in page :http://s.taobao.com/search?&app=shopsearch&q=%C5%AE%D7%B0
 2015-05-01 23:47:06 INFO pool-1-thread-10 com.shopspider.thread.ParseListByKeyWordThread:77- Cant't parse total shop count in page :http://s.taobao.com/search?&app=shopsearch&q=%C3%AB%C4%D8%CD%E2%CC%D7%A3%AC%B5%A5%BC%E7%B0%FC
 2015-05-01 23:47:06 INFO pool-1-thread-13 com.shopspider.thread.ParseListByKeyWordThread:77- Cant't parse total shop count in page :http://s.taobao.com/search?&app=shopsearch&q=%B6%FA%CC%D7%A1%A3
 2015-05-01 23:47:06 INFO pool-1-thread-7 com.shopspider.thread.ParseListByKeyWordThread:77- Cant't parse total shop count in page :http://s.taobao.com/search?&app=shopsearch&q=%B0%EB%C9%ED%C8%B9
 2015-05-01 23:47:06 INFO pool-1-thread-15 com.shopspider.thread.ParseListByKeyWordThread:77- Cant't parse total shop count in page :http://s.taobao.com/search?&app=shopsearch&q=%CE%A7%BD%ED
 2015-05-01 23:47:07 INFO pool-1-thread-12 com.shopspider.thread.ParseListByKeyWordThread:77- Cant't parse total shop count in page :http://s.taobao.com/search?&app=shopsearch&q=%CA%D6%CC%E1%B0%FC%A3%AC%B6%CC%D1%A5%B5%CD%B0%EF%D0%AC
 2015-05-01 23:47:07 INFO pool-1-thread-9 com.shopspider.thread.ParseListByKeyWordThread:77- Cant't parse total shop count in page :http://s.taobao.com/search?&app=shopsearch&q=%D0%B1%BF%E6%B0%FC
 2015-05-01 23:47:07 INFO pool-1-thread-13 com.shopspider.thread.ParseListByKeyWordThread:77- Cant't parse total shop count in page :http://s.taobao.com/search?&app=shopsearch&q=%D7%A8%B3%A1
 2015-05-01 23:47:07 INFO pool-1-thread-10 com.shopspider.thread.ParseListByKeyWordThread:77- Cant't parse total shop count in page :http://s.taobao.com/search?&app=shopsearch&q=kg
 2015-05-01 23:47:07 INFO pool-1-thread-15 com.shopspider.thread.ParseListByKeyWordThread:77- Cant't parse total shop count in page :http://s.taobao.com/search?&app=shopsearch&q=%B0%EB%C9%ED%C8%B9
 2015-05-01 23:47:07 INFO pool-1-thread-12 com.shopspider.thread.ParseListByKeyWordThread:77- Cant't parse total shop count in page :http://s.taobao.com/search?&app=shopsearch&q=%BC%D2%BE%D3%B7%FE%CC%D7%D7%B0
 2015-05-01 23:47:07 INFO pool-1-thread-7 com.shopspider.thread.ParseListByKeyWordThread:77- Cant't parse total shop count in page :http://s.taobao.com/search?&app=shopsearch&q=t%D0%F4
 2015-05-01 23:47:07 INFO pool-1-thread-10 com.shopspider.thread.ParseListByKeyWordThread:77- Cant't parse total shop count in page :http://s.taobao.com/search?&app=shopsearch&q=%CB%AF%D2%C2
 2015-05-01 23:47:07 INFO pool-1-thread-8 com.shopspider.thread.ParseListByKeyWordThread:77- Cant't parse total shop count in page :http://s.taobao.com/search?&app=shopsearch&q=%C1%AC%D2%C2%C8%B9
 2015-05-01 23:47:07 INFO pool-1-thread-9 com.shopspider.thread.ParseListByKeyWordThread:77- Cant't parse total shop count in page :http://s.taobao.com/search?&app=shopsearch&q=%C3%AB%C4%D8%CD%E2%CC%D7
 2015-05-01 23:47:07 INFO pool-1-thread-13 com.shopspider.thread.ParseListByKeyWordThread:77- Cant't parse total shop count in page :http://s.taobao.com/search?&app=shopsearch&q=%C3%AB%D5%EB%D6%AF%C9%C0
 2015-05-01 23:47:07 INFO pool-1-thread-15 com.shopspider.thread.ParseListByKeyWordThread:77- Cant't parse total shop count in page :http://s.taobao.com/search?&app=shopsearch&q=%C8%DE%C9%C0
 2015-05-01 23:47:07 INFO pool-1-thread-7 com.shopspider.thread.ParseListByKeyWordThread:77- Cant't parse total shop count in page :http://s.taobao.com/search?&app=shopsearch&q=%B3%C4%C9%C0
 2015-05-01 23:47:07 INFO pool-1-thread-12 com.shopspider.thread.ParseListByKeyWordThread:77- Cant't parse total shop count in page :http://s.taobao.com/search?&app=shopsearch&q=%C0%D9%CB%BF%C9%C0
 2015-05-01 23:47:08 INFO pool-1-thread-15 com.shopspider.thread.ParseListByKeyWordThread:77- Cant't parse total shop count in page :http://s.taobao.com/search?&app=shopsearch&q=%CD%BC%B0%B8
 2015-05-01 23:47:08 INFO pool-1-thread-9 com.shopspider.thread.ParseListByKeyWordThread:77- Cant't parse total shop count in page :http://s.taobao.com/search?&app=shopsearch&q=%C4%DA%B4%EE
 2015-05-01 23:47:08 INFO pool-1-thread-8 com.shopspider.thread.ParseListByKeyWordThread:77- Cant't parse total shop count in page :http://s.taobao.com/search?&app=shopsearch&q=%D1%A9%B7%C4%C9%C0
 2015-05-01 23:47:08 INFO pool-1-thread-10 com.shopspider.thread.ParseListByKeyWordThread:77- Cant't parse total shop count in page :http://s.taobao.com/search?&app=shopsearch&q=%C1%AC%D2%C2%C8%B9
 2015-05-01 23:47:08 INFO pool-1-thread-13 com.shopspider.thread.ParseListByKeyWordThread:77- Cant't parse total shop count in page :http://s.taobao.com/search?&app=shopsearch&q=%D4%AD%B5%A5
 2015-05-01 23:47:08 INFO pool-1-thread-12 com.shopspider.thread.ParseListByKeyWordThread:77- Cant't parse total shop count in page :http://s.taobao.com/search?&app=shopsearch&q=%B6%A8%D6%C6
 2015-05-01 23:47:08 INFO pool-1-thread-7 com.shopspider.thread.ParseListByKeyWordThread:77- Cant't parse total shop count in page :http://s.taobao.com/search?&app=shopsearch&q=%B4%F3%C2%EB
 2015-05-01 23:47:08 INFO pool-1-thread-8 com.shopspider.thread.ParseListByKeyWordThread:77- Cant't parse total shop count in page :http://s.taobao.com/search?&app=shopsearch&q=%B4%EE%C5%E4
 2015-05-01 23:47:08 INFO pool-1-thread-10 com.shopspider.thread.ParseListByKeyWordThread:77- Cant't parse total shop count in page :http://s.taobao.com/search?&app=shopsearch&q=%CF%D4%CA%DD
 2015-05-01 23:47:08 INFO pool-1-thread-9 com.shopspider.thread.ParseListByKeyWordThread:77- Cant't parse total shop count in page :http://s.taobao.com/search?&app=shopsearch&q=%BF%AA%C9%C0
 2015-05-01 23:47:08 INFO pool-1-thread-15 com.shopspider.thread.ParseListByKeyWordThread:77- Cant't parse total shop count in page :http://s.taobao.com/search?&app=shopsearch&q=%CB%A7%C6%F8
 2015-05-01 23:47:08 INFO pool-1-thread-13 com.shopspider.thread.ParseListByKeyWordThread:77- Cant't parse total shop count in page :http://s.taobao.com/search?&app=shopsearch&q=%C5%A3%D7%D0%BF%E3
 2015-05-01 23:47:08 INFO pool-1-thread-8 com.shopspider.thread.ParseListByKeyWordThread:77- Cant't parse total shop count in page :http://s.taobao.com/search?&app=shopsearch&q=%CA%E6%B7%FE
 2015-05-01 23:47:08 INFO pool-1-thread-12 com.shopspider.thread.ParseListByKeyWordThread:77- Cant't parse total shop count in page :http://s.taobao.com/search?&app=shopsearch&q=%CF%D6%BB%F5
 2015-05-01 23:47:08 INFO pool-1-thread-9 com.shopspider.thread.ParseListByKeyWordThread:77- Cant't parse total shop count in page :http://s.taobao.com/search?&app=shopsearch&q=%C8%B9%D2%C2
 2015-05-01 23:47:08 INFO pool-1-thread-7 com.shopspider.thread.ParseListByKeyWordThread:77- Cant't parse total shop count in page :http://s.taobao.com/search?&app=shopsearch&q=%BC%F2%B5%A5
 2015-05-01 23:47:09 INFO pool-1-thread-10 com.shopspider.thread.ParseListByKeyWordThread:77- Cant't parse total shop count in page :http://s.taobao.com/search?&app=shopsearch&q=%CA%E6%CA%CA
 2015-05-01 23:47:09 INFO pool-1-thread-15 com.shopspider.thread.ParseListByKeyWordThread:77- Cant't parse total shop count in page :http://s.taobao.com/search?&app=shopsearch&q=%B3%A4%BF%EE
 2015-05-01 23:47:09 INFO pool-1-thread-12 com.shopspider.thread.ParseListByKeyWordThread:77- Cant't parse total shop count in page :http://s.taobao.com/search?&app=shopsearch&q=%BA%AB%CF%B5
 2015-05-01 23:47:09 INFO pool-1-thread-7 com.shopspider.thread.ParseListByKeyWordThread:77- Cant't parse total shop count in page :http://s.taobao.com/search?&app=shopsearch&q=%CE%C0%D2%C2
 2015-05-01 23:47:09 INFO pool-1-thread-9 com.shopspider.thread.ParseListByKeyWordThread:77- Cant't parse total shop count in page :http://s.taobao.com/search?&app=shopsearch&q=%CD%E2%C3%B3%D4%AD%B5%A5%C5%AE%D7%B0
 2015-05-01 23:47:09 INFO pool-1-thread-8 com.shopspider.thread.ParseListByKeyWordThread:77- Cant't parse total shop count in page :http://s.taobao.com/search?&app=shopsearch&q=%BA%AB%B0%E6
 2015-05-01 23:47:09 INFO pool-1-thread-10 com.shopspider.thread.ParseListByKeyWordThread:77- Cant't parse total shop count in page :http://s.taobao.com/search?&app=shopsearch&q=*%C1%B5
 2015-05-01 23:47:09 INFO pool-1-thread-15 com.shopspider.thread.ParseListByKeyWordThread:77- Cant't parse total shop count in page :http://s.taobao.com/search?&app=shopsearch&q=alto
 2015-05-01 23:47:09 INFO pool-1-thread-12 com.shopspider.thread.ParseListByKeyWordThread:77- Cant't parse total shop count in page :http://s.taobao.com/search?&app=shopsearch&q=%C9%CF%D2%C2
 2015-05-01 23:47:57 INFO main org.springframework.context.support.ClassPathXmlApplicationContext:513- Refreshing org.springframework.context.support.ClassPathXmlApplicationContext@3327bd23: startup date [Fri May 01 23:47:57 CST 2015]; root of context hierarchy
 2015-05-01 23:47:57 INFO main org.springframework.beans.factory.xml.XmlBeanDefinitionReader:316- Loading XML bean definitions from class path resource [beans.xml]
 2015-05-01 23:47:58 INFO main org.springframework.orm.hibernate3.annotation.AnnotationSessionFactoryBean:713- Building new Hibernate SessionFactory
 2015-05-01 23:47:59 INFO main org.springframework.orm.hibernate3.HibernateTransactionManager:418- Using DataSource [org.apache.commons.dbcp.BasicDataSource@4a31c2ee] of Hibernate SessionFactory for HibernateTransactionManager
 2015-05-01 23:47:59 INFO main com.shopspider.container.ShopsContainer:36- begin to get shop urls which already exist
 2015-05-01 23:48:04 INFO main com.shopspider.main.ProcessControlImpl:48- The process's bContinue is :false
 2015-05-01 23:48:04 INFO pool-1-thread-1 com.shopspider.thread.InitialParseThread:67- InitialPareseThread begin to run!
 2015-05-01 23:48:04 INFO pool-1-thread-17 com.shopspider.thread.ShopDBThread:50- ShopDBTread get no shops to operate!
 2015-05-01 23:48:04 INFO pool-1-thread-1 com.shopspider.thread.InitialParseThread:404- Get 60 formattedCat2PageUrl
 2015-05-01 23:48:14 INFO pool-1-thread-17 com.shopspider.thread.ShopDBThread:50- ShopDBTread get no shops to operate!
 2015-05-01 23:48:24 INFO pool-1-thread-17 com.shopspider.thread.ShopDBThread:50- ShopDBTread get no shops to operate!
 2015-05-01 23:48:34 INFO pool-1-thread-17 com.shopspider.thread.ShopDBThread:50- ShopDBTread get no shops to operate!
 2015-05-01 23:48:44 INFO pool-1-thread-17 com.shopspider.thread.ShopDBThread:50- ShopDBTread get no shops to operate!
 2015-05-01 23:48:54 INFO pool-1-thread-17 com.shopspider.thread.ShopDBThread:50- ShopDBTread get no shops to operate!
 2015-05-01 23:49:04 INFO pool-1-thread-2 com.shopspider.container.PageCollectionsContainer:79- takePageColletions for catNameŮװ
 2015-05-01 23:49:04 INFO pool-1-thread-3 com.shopspider.container.PageCollectionsContainer:79- takePageColletions for catNameŮװ
 2015-05-01 23:49:04 INFO pool-1-thread-17 com.shopspider.thread.ShopDBThread:50- ShopDBTread get no shops to operate!
 2015-05-01 23:49:10 INFO pool-1-thread-14 com.shopspider.thread.ParseListByKeyWordThread:77- Cant't parse total shop count in page :http://s.taobao.com/search?&app=shopsearch&q=2015%C5%AE%D7%B0
 2015-05-01 23:49:10 INFO pool-1-thread-8 com.shopspider.thread.ParseListByKeyWordThread:77- Cant't parse total shop count in page :http://s.taobao.com/search?&app=shopsearch&q=%B4%F2%B5%D7%C9%C0
 2015-05-01 23:49:10 INFO pool-1-thread-11 com.shopspider.thread.ParseListByKeyWordThread:77- Cant't parse total shop count in page :http://s.taobao.com/search?&app=shopsearch&q=%B4%F2%B5%D7%BF%E3
 2015-05-01 23:49:10 INFO pool-1-thread-10 com.shopspider.thread.ParseListByKeyWordThread:77- Cant't parse total shop count in page :http://s.taobao.com/search?&app=shopsearch&q=%BA%AB%B6%BC%D2%C2%C9%E1
 2015-05-01 23:49:10 INFO pool-1-thread-12 com.shopspider.thread.ParseListByKeyWordThread:77- Cant't parse total shop count in page :http://s.taobao.com/search?&app=shopsearch&q=%C3%AB%D2%C2
 2015-05-01 23:49:10 INFO pool-1-thread-16 com.shopspider.thread.ParseListByKeyWordThread:77- Cant't parse total shop count in page :http://s.taobao.com/search?&app=shopsearch&q=%BA%AB%B0%E6%D0%C2%BF%EE
 2015-05-01 23:49:10 INFO pool-1-thread-14 com.shopspider.thread.ParseListByKeyWordThread:77- Cant't parse total shop count in page :http://s.taobao.com/search?&app=shopsearch&q=%B6%CC%BF%E3
 2015-05-01 23:49:10 INFO pool-1-thread-7 com.shopspider.thread.ParseListByKeyWordThread:77- Cant't parse total shop count in page :http://s.taobao.com/search?&app=shopsearch&q=%C1%AC%D2%C2%C8%B9
 2015-05-01 23:49:10 INFO pool-1-thread-9 com.shopspider.thread.ParseListByKeyWordThread:77- Cant't parse total shop count in page :http://s.taobao.com/search?&app=shopsearch&q=T%D0%F4
 2015-05-01 23:49:10 INFO pool-1-thread-8 com.shopspider.thread.ParseListByKeyWordThread:77- Cant't parse total shop count in page :http://s.taobao.com/search?&app=shopsearch&q=%D1%A9%B7%C4%C9%C0
 2015-05-01 23:49:10 INFO pool-1-thread-10 com.shopspider.thread.ParseListByKeyWordThread:77- Cant't parse total shop count in page :http://s.taobao.com/search?&app=shopsearch&q=%B6%CC%CD%E2%CC%D7
 2015-05-01 23:49:10 INFO pool-1-thread-12 com.shopspider.thread.ParseListByKeyWordThread:77- Cant't parse total shop count in page :http://s.taobao.com/search?&app=shopsearch&q=%B0%EB%C9%ED%C8%B9
 2015-05-01 23:49:10 INFO pool-1-thread-13 com.shopspider.thread.ParseListByKeyWordThread:77- Cant't parse total shop count in page :http://s.taobao.com/search?&app=shopsearch&q=%D5%EB%D6%AF%C9%C0
 2015-05-01 23:49:10 INFO pool-1-thread-11 com.shopspider.thread.ParseListByKeyWordThread:77- Cant't parse total shop count in page :http://s.taobao.com/search?&app=shopsearch&q=%D6%D0%B3%A4%BF%EE%CD%E2%CC%D7
 2015-05-01 23:49:11 INFO pool-1-thread-8 com.shopspider.thread.ParseListByKeyWordThread:77- Cant't parse total shop count in page :http://s.taobao.com/search?&app=shopsearch&q=%B8%DF%B0%EF%D0%AC%A3%AC%CA%D6%C1%B4%CA%D6%EF%ED%A3%AC%C3%B1%D7%D3
 2015-05-01 23:49:11 INFO pool-1-thread-9 com.shopspider.thread.ParseListByKeyWordThread:77- Cant't parse total shop count in page :http://s.taobao.com/search?&app=shopsearch&q=%CA%D6%CC%E1%B0%FC%A3%AC%B6%CC%D1%A5%B5%CD%B0%EF%D0%AC
 2015-05-01 23:49:11 INFO pool-1-thread-16 com.shopspider.thread.ParseListByKeyWordThread:77- Cant't parse total shop count in page :http://s.taobao.com/search?&app=shopsearch&q=%C5%A3%D7%D0%BF%E3
 2015-05-01 23:49:11 INFO pool-1-thread-12 com.shopspider.thread.ParseListByKeyWordThread:77- Cant't parse total shop count in page :http://s.taobao.com/search?&app=shopsearch&q=%B6%FA%CC%D7%A1%A3
 2015-05-01 23:49:11 INFO pool-1-thread-10 com.shopspider.thread.ParseListByKeyWordThread:77- Cant't parse total shop count in page :http://s.taobao.com/search?&app=shopsearch&q=%CE%A7%BD%ED
 2015-05-01 23:49:11 INFO pool-1-thread-8 com.shopspider.thread.ParseListByKeyWordThread:77- Cant't parse total shop count in page :http://s.taobao.com/search?&app=shopsearch&q=kg
 2015-05-01 23:49:11 INFO pool-1-thread-9 com.shopspider.thread.ParseListByKeyWordThread:77- Cant't parse total shop count in page :http://s.taobao.com/search?&app=shopsearch&q=%D7%A8%B3%A1
 2015-05-01 23:49:11 INFO pool-1-thread-12 com.shopspider.thread.ParseListByKeyWordThread:77- Cant't parse total shop count in page :http://s.taobao.com/search?&app=shopsearch&q=%B0%EB%C9%ED%C8%B9
 2015-05-01 23:49:11 INFO pool-1-thread-13 com.shopspider.thread.ParseListByKeyWordThread:77- Cant't parse total shop count in page :http://s.taobao.com/search?&app=shopsearch&q=%CE%C0%D2%C2
 2015-05-01 23:49:11 INFO pool-1-thread-11 com.shopspider.thread.ParseListByKeyWordThread:77- Cant't parse total shop count in page :http://s.taobao.com/search?&app=shopsearch&q=%B4%F3%C2%EB%C5%AE%D7%B0
 2015-05-01 23:49:11 INFO pool-1-thread-14 com.shopspider.thread.ParseListByKeyWordThread:77- Cant't parse total shop count in page :http://s.taobao.com/search?&app=shopsearch&q=%C3%AB%C4%D8%CD%E2%CC%D7%A3%AC%B5%A5%BC%E7%B0%FC
 2015-05-01 23:49:11 INFO pool-1-thread-10 com.shopspider.thread.ParseListByKeyWordThread:77- Cant't parse total shop count in page :http://s.taobao.com/search?&app=shopsearch&q=%BC%D2%BE%D3%B7%FE%CC%D7%D7%B0
 2015-05-01 23:49:11 INFO pool-1-thread-8 com.shopspider.thread.ParseListByKeyWordThread:77- Cant't parse total shop count in page :http://s.taobao.com/search?&app=shopsearch&q=%C3%AB%C4%D8%CD%E2%CC%D7
 2015-05-01 23:49:12 INFO pool-1-thread-12 com.shopspider.thread.ParseListByKeyWordThread:77- Cant't parse total shop count in page :http://s.taobao.com/search?&app=shopsearch&q=%CB%AF%D2%C2
 2015-05-01 23:49:12 INFO pool-1-thread-9 com.shopspider.thread.ParseListByKeyWordThread:77- Cant't parse total shop count in page :http://s.taobao.com/search?&app=shopsearch&q=%C3%AB%D5%EB%D6%AF%C9%C0
 2015-05-01 23:49:12 INFO pool-1-thread-10 com.shopspider.thread.ParseListByKeyWordThread:77- Cant't parse total shop count in page :http://s.taobao.com/search?&app=shopsearch&q=%C1%AC%D2%C2%C8%B9
 2015-05-01 23:49:12 INFO pool-1-thread-16 com.shopspider.thread.ParseListByKeyWordThread:77- Cant't parse total shop count in page :http://s.taobao.com/search?&app=shopsearch&q=t%D0%F4
 2015-05-01 23:49:12 INFO pool-1-thread-14 com.shopspider.thread.ParseListByKeyWordThread:77- Cant't parse total shop count in page :http://s.taobao.com/search?&app=shopsearch&q=%B3%C4%C9%C0
 2015-05-01 23:49:12 INFO pool-1-thread-7 com.shopspider.thread.ParseListByKeyWordThread:77- Cant't parse total shop count in page :http://s.taobao.com/search?&app=shopsearch&q=%D0%B1%BF%E6%B0%FC
 2015-05-01 23:49:12 INFO pool-1-thread-8 com.shopspider.thread.ParseListByKeyWordThread:77- Cant't parse total shop count in page :http://s.taobao.com/search?&app=shopsearch&q=%D1%A9%B7%C4%C9%C0
 2015-05-01 23:49:12 INFO pool-1-thread-13 com.shopspider.thread.ParseListByKeyWordThread:77- Cant't parse total shop count in page :http://s.taobao.com/search?&app=shopsearch&q=%C8%DE%C9%C0
 2015-05-01 23:49:12 INFO pool-1-thread-12 com.shopspider.thread.ParseListByKeyWordThread:77- Cant't parse total shop count in page :http://s.taobao.com/search?&app=shopsearch&q=%C4%DA%B4%EE
 2015-05-01 23:49:12 INFO pool-1-thread-11 com.shopspider.thread.ParseListByKeyWordThread:77- Cant't parse total shop count in page :http://s.taobao.com/search?&app=shopsearch&q=%C0%D9%CB%BF%C9%C0
 2015-05-01 23:49:12 INFO pool-1-thread-7 com.shopspider.thread.ParseListByKeyWordThread:77- Cant't parse total shop count in page :http://s.taobao.com/search?&app=shopsearch&q=%CB%A7%C6%F8
 2015-05-01 23:49:12 INFO pool-1-thread-10 com.shopspider.thread.ParseListByKeyWordThread:77- Cant't parse total shop count in page :http://s.taobao.com/search?&app=shopsearch&q=%CD%BC%B0%B8
 2015-05-01 23:49:12 INFO pool-1-thread-9 com.shopspider.thread.ParseListByKeyWordThread:77- Cant't parse total shop count in page :http://s.taobao.com/search?&app=shopsearch&q=%D4%AD%B5%A5
 2015-05-01 23:49:12 INFO pool-1-thread-14 com.shopspider.thread.ParseListByKeyWordThread:77- Cant't parse total shop count in page :http://s.taobao.com/search?&app=shopsearch&q=%B6%A8%D6%C6
 2015-05-01 23:49:12 INFO pool-1-thread-16 com.shopspider.thread.ParseListByKeyWordThread:77- Cant't parse total shop count in page :http://s.taobao.com/search?&app=shopsearch&q=%B4%F3%C2%EB
 2015-05-01 23:49:13 INFO pool-1-thread-11 com.shopspider.thread.ParseListByKeyWordThread:77- Cant't parse total shop count in page :http://s.taobao.com/search?&app=shopsearch&q=%C5%A3%D7%D0%BF%E3
 2015-05-01 23:49:13 INFO pool-1-thread-13 com.shopspider.thread.ParseListByKeyWordThread:77- Cant't parse total shop count in page :http://s.taobao.com/search?&app=shopsearch&q=%B4%EE%C5%E4
 2015-05-01 23:49:13 INFO pool-1-thread-9 com.shopspider.thread.ParseListByKeyWordThread:77- Cant't parse total shop count in page :http://s.taobao.com/search?&app=shopsearch&q=%CA%E6%B7%FE
 2015-05-01 23:49:13 INFO pool-1-thread-7 com.shopspider.thread.ParseListByKeyWordThread:77- Cant't parse total shop count in page :http://s.taobao.com/search?&app=shopsearch&q=%CF%D6%BB%F5
 2015-05-01 23:49:13 INFO pool-1-thread-12 com.shopspider.thread.ParseListByKeyWordThread:77- Cant't parse total shop count in page :http://s.taobao.com/search?&app=shopsearch&q=%CF%D4%CA%DD
 2015-05-01 23:49:13 INFO pool-1-thread-14 com.shopspider.thread.ParseListByKeyWordThread:77- Cant't parse total shop count in page :http://s.taobao.com/search?&app=shopsearch&q=%CA%E6%CA%CA
 2015-05-01 23:49:13 INFO pool-1-thread-10 com.shopspider.thread.ParseListByKeyWordThread:77- Cant't parse total shop count in page :http://s.taobao.com/search?&app=shopsearch&q=%BC%F2%B5%A5
 2015-05-01 23:49:13 INFO pool-1-thread-16 com.shopspider.thread.ParseListByKeyWordThread:77- Cant't parse total shop count in page :http://s.taobao.com/search?&app=shopsearch&q=%C8%B9%D2%C2
 2015-05-01 23:49:13 INFO pool-1-thread-15 com.shopspider.thread.ParseListByKeyWordThread:77- Cant't parse total shop count in page :http://s.taobao.com/search?&app=shopsearch&q=%C5%AE%D7%B0
 2015-05-01 23:49:13 INFO pool-1-thread-14 com.shopspider.thread.ParseListByKeyWordThread:77- Cant't parse total shop count in page :http://s.taobao.com/search?&app=shopsearch&q=%CE%C0%D2%C2
 2015-05-01 23:49:13 INFO pool-1-thread-16 com.shopspider.thread.ParseListByKeyWordThread:77- Cant't parse total shop count in page :http://s.taobao.com/search?&app=shopsearch&q=alto
 2015-05-01 23:49:13 INFO pool-1-thread-11 com.shopspider.thread.ParseListByKeyWordThread:77- Cant't parse total shop count in page :http://s.taobao.com/search?&app=shopsearch&q=%B3%A4%BF%EE
 2015-05-01 23:49:13 INFO pool-1-thread-13 com.shopspider.thread.ParseListByKeyWordThread:77- Cant't parse total shop count in page :http://s.taobao.com/search?&app=shopsearch&q=%D1%A9%B7%C4
 2015-05-01 23:49:13 INFO pool-1-thread-9 com.shopspider.thread.ParseListByKeyWordThread:77- Cant't parse total shop count in page :http://s.taobao.com/search?&app=shopsearch&q=%BA%AB%B0%E6
 2015-05-01 23:49:13 INFO pool-1-thread-15 com.shopspider.thread.ParseListByKeyWordThread:77- Cant't parse total shop count in page :http://s.taobao.com/search?&app=shopsearch&q=%C9%CF%D2%C2
 2015-05-01 23:49:13 INFO pool-1-thread-16 com.shopspider.thread.ParseListByKeyWordThread:77- Cant't parse total shop count in page :http://s.taobao.com/search?&app=shopsearch&q=%C0%D6%CC%D4
 2015-05-01 23:49:14 INFO pool-1-thread-14 com.shopspider.thread.ParseListByKeyWordThread:77- Cant't parse total shop count in page :http://s.taobao.com/search?&app=shopsearch&q=%D6%D0%B4%F3%CD%AF
 2015-05-01 23:49:14 INFO pool-1-thread-9 com.shopspider.thread.ParseListByKeyWordThread:77- Cant't parse total shop count in page :http://s.taobao.com/search?&app=shopsearch&q=%CF%C4%BF%EE
 2015-05-01 23:49:14 INFO pool-1-thread-12 com.shopspider.thread.ParseListByKeyWordThread:77- Cant't parse total shop count in page :http://s.taobao.com/search?&app=shopsearch&q=%CD%E2%C3%B3%D4%AD%B5%A5%C5%AE%D7%B0
 2015-05-01 23:49:14 INFO pool-1-thread-10 com.shopspider.thread.ParseListByKeyWordThread:77- Cant't parse total shop count in page :http://s.taobao.com/search?&app=shopsearch&q=*%C1%B5
 2015-05-01 23:49:14 INFO pool-1-thread-13 com.shopspider.thread.ParseListByKeyWordThread:77- Cant't parse total shop count in page :http://s.taobao.com/search?&app=shopsearch&q=%D0%DE%C9%ED
 2015-05-01 23:49:14 INFO pool-1-thread-16 com.shopspider.thread.ParseListByKeyWordThread:77- Cant't parse total shop count in page :http://s.taobao.com/search?&app=shopsearch&q=%C5%AE%CD%AF
 2015-05-01 23:49:14 INFO pool-1-thread-11 com.shopspider.thread.ParseListByKeyWordThread:77- Cant't parse total shop count in page :http://s.taobao.com/search?&app=shopsearch&q=%D0%DD%CF%D0
 2015-05-01 23:49:14 INFO pool-1-thread-17 com.shopspider.thread.ShopDBThread:44- ShopDBTread get 20 shops to operate!
 2015-05-01 23:49:14 INFO pool-1-thread-9 com.shopspider.thread.ParseListByKeyWordThread:77- Cant't parse total shop count in page :http://s.taobao.com/search?&app=shopsearch&q=%CF%D4%CA%DD
 2015-05-01 23:49:14 INFO pool-1-thread-15 com.shopspider.thread.ParseListByKeyWordThread:77- Cant't parse total shop count in page :http://s.taobao.com/search?&app=shopsearch&q=t%D0%F4
 2015-05-01 23:49:14 INFO pool-1-thread-10 com.shopspider.thread.ParseListByKeyWordThread:77- Cant't parse total shop count in page :http://s.taobao.com/search?&app=shopsearch&q=%CC%D8%BC%DB
 2015-05-01 23:49:14 INFO pool-1-thread-13 com.shopspider.thread.ParseListByKeyWordThread:77- Cant't parse total shop count in page :http://s.taobao.com/search?&app=shopsearch&q=%E8%A6%B4%C3
 2015-05-01 23:49:14 INFO pool-1-thread-12 com.shopspider.thread.ParseListByKeyWordThread:77- Cant't parse total shop count in page :http://s.taobao.com/search?&app=shopsearch&q=%C5%B7%C3%C0
 2015-05-01 23:49:14 INFO pool-1-thread-14 com.shopspider.thread.ParseListByKeyWordThread:77- Cant't parse total shop count in page :http://s.taobao.com/search?&app=shopsearch&q=%D0%C2%BF%EE
 2015-05-01 23:49:14 INFO pool-1-thread-11 com.shopspider.thread.ParseListByKeyWordThread:77- Cant't parse total shop count in page :http://s.taobao.com/search?&app=shopsearch&q=%CD%AF%D7%B0
 2015-05-01 23:49:14 INFO pool-1-thread-16 com.shopspider.thread.ParseListByKeyWordThread:77- Cant't parse total shop count in page :http://s.taobao.com/search?&app=shopsearch&q=%C4%D0%CD%AF
 2015-05-01 23:49:15 INFO pool-1-thread-10 com.shopspider.thread.ParseListByKeyWordThread:77- Cant't parse total shop count in page :http://s.taobao.com/search?&app=shopsearch&q=%B0%EB%C9%ED%C8%B9
 2015-05-01 23:49:15 INFO pool-1-thread-9 com.shopspider.thread.ParseListByKeyWordThread:77- Cant't parse total shop count in page :http://s.taobao.com/search?&app=shopsearch&q=%B4%BF%C3%DE
 2015-05-01 23:49:15 INFO pool-1-thread-14 com.shopspider.thread.ParseListByKeyWordThread:77- Cant't parse total shop count in page :http://s.taobao.com/search?&app=shopsearch&q=%C3%AB%D5%EB%D6%AF%C9%C0
 2015-05-01 23:49:15 INFO pool-1-thread-15 com.shopspider.thread.ParseListByKeyWordThread:77- Cant't parse total shop count in page :http://s.taobao.com/search?&app=shopsearch&q=%BA%AB%B9%FA
 2015-05-01 23:49:15 INFO pool-1-thread-12 com.shopspider.thread.ParseListByKeyWordThread:77- Cant't parse total shop count in page :http://s.taobao.com/search?&app=shopsearch&q=%C6%D5%CD%A8%CD%E2%CC%D7
 2015-05-01 23:49:15 INFO pool-1-thread-10 com.shopspider.thread.ParseListByKeyWordThread:77- Cant't parse total shop count in page :http://s.taobao.com/search?&app=shopsearch&q=%C0%D9%CB%BF%C9%C0
 2015-05-01 23:49:15 INFO pool-1-thread-11 com.shopspider.thread.ParseListByKeyWordThread:77- Cant't parse total shop count in page :http://s.taobao.com/search?&app=shopsearch&q=%C8%DE%C9%C0
 2015-05-01 23:49:15 INFO pool-1-thread-16 com.shopspider.thread.ParseListByKeyWordThread:77- Cant't parse total shop count in page :http://s.taobao.com/search?&app=shopsearch&q=%B1%B3%D0%C4%B5%F5%B4%F8
 2015-05-01 23:49:15 INFO pool-1-thread-9 com.shopspider.thread.ParseListByKeyWordThread:77- Cant't parse total shop count in page :http://s.taobao.com/search?&app=shopsearch&q=%BF%E3%D7%D3
 2015-05-01 23:49:15 INFO pool-1-thread-14 com.shopspider.thread.ParseListByKeyWordThread:77- Cant't parse total shop count in page :http://s.taobao.com/search?&app=shopsearch&q=%C1%AC%D2%C2%C8%B9
 2015-05-01 23:49:15 INFO pool-1-thread-13 com.shopspider.thread.ParseListByKeyWordThread:77- Cant't parse total shop count in page :http://s.taobao.com/search?&app=shopsearch&q=%D0%DD%CF%D0%BF%E3
 2015-05-01 23:49:15 INFO pool-1-thread-12 com.shopspider.thread.ParseListByKeyWordThread:77- Cant't parse total shop count in page :http://s.taobao.com/search?&app=shopsearch&q=baby
 2015-05-01 23:49:15 INFO pool-1-thread-14 com.shopspider.thread.ParseListByKeyWordThread:77- Cant't parse total shop count in page :http://s.taobao.com/search?&app=shopsearch&q=melimelo
 2015-05-01 23:49:15 INFO pool-1-thread-15 com.shopspider.thread.ParseListByKeyWordThread:77- Cant't parse total shop count in page :http://s.taobao.com/search?&app=shopsearch&q=%D1%A9%B7%C4%C9%C0
 2015-05-01 23:49:15 INFO pool-1-thread-10 com.shopspider.thread.ParseListByKeyWordThread:77- Cant't parse total shop count in page :http://s.taobao.com/search?&app=shopsearch&q=cc.simple
 2015-05-01 23:49:16 INFO pool-1-thread-9 com.shopspider.thread.ParseListByKeyWordThread:77- Cant't parse total shop count in page :http://s.taobao.com/search?&app=shopsearch&q=little
 2015-05-01 23:49:16 INFO pool-1-thread-16 com.shopspider.thread.ParseListByKeyWordThread:77- Cant't parse total shop count in page :http://s.taobao.com/search?&app=shopsearch&q=kids
 2015-05-01 23:49:16 INFO pool-1-thread-8 com.shopspider.thread.ParseListByKeyWordThread:77- Cant't parse total shop count in page :http://s.taobao.com/search?&app=shopsearch&q=%BF%AA%C9%C0
 2015-05-01 23:49:16 INFO pool-1-thread-12 com.shopspider.thread.ParseListByKeyWordThread:77- Cant't parse total shop count in page :http://s.taobao.com/search?&app=shopsearch&q=361%B6%C8
 2015-05-01 23:49:16 INFO pool-1-thread-15 com.shopspider.thread.ParseListByKeyWordThread:77- Cant't parse total shop count in page :http://s.taobao.com/search?&app=shopsearch&q=%CD%BD%B2%BD%D0%AC
 2015-05-01 23:49:16 INFO pool-1-thread-10 com.shopspider.thread.ParseListByKeyWordThread:77- Cant't parse total shop count in page :http://s.taobao.com/search?&app=shopsearch&q=%B5%C7%C9%BD%D0%AC
 2015-05-01 23:49:16 INFO pool-1-thread-14 com.shopspider.thread.ParseListByKeyWordThread:77- Cant't parse total shop count in page :http://s.taobao.com/search?&app=shopsearch&q=%BB%A7%CD%E2%D0%AC
 2015-05-01 23:49:16 INFO pool-1-thread-9 com.shopspider.thread.ParseListByKeyWordThread:77- Cant't parse total shop count in page :http://s.taobao.com/search?&app=shopsearch&q=%BB%A7%CD%E2%D4%BD%D2%B0%D0%AC
 2015-05-01 23:49:16 INFO pool-1-thread-16 com.shopspider.thread.ParseListByKeyWordThread:77- Cant't parse total shop count in page :http://s.taobao.com/search?&app=shopsearch&q=%BB%A7%CD%E2%D0%DD%CF%D0%D0%AC
 2015-05-01 23:49:16 INFO pool-1-thread-12 com.shopspider.thread.ParseListByKeyWordThread:77- Cant't parse total shop count in page :http://s.taobao.com/search?&app=shopsearch&q=%BB%A7%CD%E2%B7%E7%D2%C2
 2015-05-01 23:49:16 INFO pool-1-thread-10 com.shopspider.thread.ParseListByKeyWordThread:77- Cant't parse total shop count in page :http://s.taobao.com/search?&app=shopsearch&q=%BB%A7%CD%E2%B1%B3%B0%FC%B5%C8
 2015-05-01 23:49:16 INFO pool-1-thread-8 com.shopspider.thread.ParseListByKeyWordThread:77- Cant't parse total shop count in page :http://s.taobao.com/search?&app=shopsearch&q=%D4%BD%D2%B0%C5%DC%D0%AC
 2015-05-01 23:49:16 INFO pool-1-thread-15 com.shopspider.thread.ParseListByKeyWordThread:77- Cant't parse total shop count in page :http://s.taobao.com/search?&app=shopsearch&q=%BB%A7%CD%E2%BC%D0%BF%CB
 2015-05-01 23:49:16 INFO pool-1-thread-9 com.shopspider.thread.ParseListByKeyWordThread:77- Cant't parse total shop count in page :http://s.taobao.com/search?&app=shopsearch&q=%CE%C0%D2%C2
 2015-05-01 23:49:16 INFO pool-1-thread-16 com.shopspider.thread.ParseListByKeyWordThread:77- Cant't parse total shop count in page :http://s.taobao.com/search?&app=shopsearch&q=ms
 2015-05-01 23:49:17 INFO pool-1-thread-8 com.shopspider.thread.ParseListByKeyWordThread:77- Cant't parse total shop count in page :http://s.taobao.com/search?&app=shopsearch&q=%D0%DE%C9%ED
 2015-05-01 23:49:17 INFO pool-1-thread-12 com.shopspider.thread.ParseListByKeyWordThread:77- Cant't parse total shop count in page :http://s.taobao.com/search?&app=shopsearch&q=chen
 2015-05-01 23:49:17 INFO pool-1-thread-11 com.shopspider.thread.ParseListByKeyWordThread:77- Cant't parse total shop count in page :http://s.taobao.com/search?&app=shopsearch&q=f
 2015-05-01 23:49:17 INFO pool-1-thread-10 com.shopspider.thread.ParseListByKeyWordThread:77- Cant't parse total shop count in page :http://s.taobao.com/search?&app=shopsearch&q=ony
 2015-05-01 23:49:17 INFO pool-1-thread-9 com.shopspider.thread.ParseListByKeyWordThread:77- Cant't parse total shop count in page :http://s.taobao.com/search?&app=shopsearch&q=%CD%BC%B0%B8
 2015-05-01 23:49:17 INFO pool-1-thread-15 com.shopspider.thread.ParseListByKeyWordThread:77- Cant't parse total shop count in page :http://s.taobao.com/search?&app=shopsearch&q=%CE%B6%B5%C0
 2015-05-01 23:49:17 INFO pool-1-thread-10 com.shopspider.thread.ParseListByKeyWordThread:77- Cant't parse total shop count in page :http://s.taobao.com/search?&app=shopsearch&q=%D0%C2%BF%EE
 2015-05-01 23:49:17 INFO pool-1-thread-8 com.shopspider.thread.ParseListByKeyWordThread:77- Cant't parse total shop count in page :http://s.taobao.com/search?&app=shopsearch&q=t%D0%F4
 2015-05-01 23:49:17 INFO pool-1-thread-12 com.shopspider.thread.ParseListByKeyWordThread:77- Cant't parse total shop count in page :http://s.taobao.com/search?&app=shopsearch&q=%C5%AA%CC%C3
 2015-05-01 23:49:17 INFO pool-1-thread-16 com.shopspider.thread.ParseListByKeyWordThread:77- Cant't parse total shop count in page :http://s.taobao.com/search?&app=shopsearch&q=%C5%AE%CA%BF
 2015-05-01 23:49:17 INFO pool-1-thread-15 com.shopspider.thread.ParseListByKeyWordThread:77- Cant't parse total shop count in page :http://s.taobao.com/search?&app=shopsearch&q=%CA%B1%B4%FA
 2015-05-01 23:49:17 INFO pool-1-thread-9 com.shopspider.thread.ParseListByKeyWordThread:77- Cant't parse total shop count in page :http://s.taobao.com/search?&app=shopsearch&q=%C8%D5%B1%BE
 2015-05-01 23:49:17 INFO pool-1-thread-10 com.shopspider.thread.ParseListByKeyWordThread:77- Cant't parse total shop count in page :http://s.taobao.com/search?&app=shopsearch&q=%C5%B7%C3%C0
 2015-05-01 23:49:17 INFO pool-1-thread-11 com.shopspider.thread.ParseListByKeyWordThread:77- Cant't parse total shop count in page :http://s.taobao.com/search?&app=shopsearch&q=%CA%D6%B9%A4
 2015-05-01 23:49:17 INFO pool-1-thread-8 com.shopspider.thread.ParseListByKeyWordThread:77- Cant't parse total shop count in page :http://s.taobao.com/search?&app=shopsearch&q=%CA%E7%C5%AE
 2015-05-01 23:49:17 INFO pool-1-thread-12 com.shopspider.thread.ParseListByKeyWordThread:77- Cant't parse total shop count in page :http://s.taobao.com/search?&app=shopsearch&q=%CC%D8%C9%AB
 2015-05-01 23:49:18 INFO pool-1-thread-14 com.shopspider.thread.ParseListByKeyWordThread:77- Cant't parse total shop count in page :http://s.taobao.com/search?&app=shopsearch&q=%C5%AE%D7%B0
 2015-05-01 23:49:18 INFO pool-1-thread-16 com.shopspider.thread.ParseListByKeyWordThread:77- Cant't parse total shop count in page :http://s.taobao.com/search?&app=shopsearch&q=%CC%F0%C3%C0
 2015-05-01 23:49:18 INFO pool-1-thread-15 com.shopspider.thread.ParseListByKeyWordThread:77- Cant't parse total shop count in page :http://s.taobao.com/search?&app=shopsearch&q=%C7%EF%BC%BE
 2015-05-01 23:49:18 INFO pool-1-thread-10 com.shopspider.thread.ParseListByKeyWordThread:77- Cant't parse total shop count in page :http://s.taobao.com/search?&app=shopsearch&q=%C0%CF%C9%CF%BA%A3
 2015-05-01 23:49:18 INFO pool-1-thread-11 com.shopspider.thread.ParseListByKeyWordThread:77- Cant't parse total shop count in page :http://s.taobao.com/search?&app=shopsearch&q=%B0%A2%D2%CC
 2015-05-01 23:49:18 INFO pool-1-thread-8 com.shopspider.thread.ParseListByKeyWordThread:77- Cant't parse total shop count in page :http://s.taobao.com/search?&app=shopsearch&q=%CF%E3%B9%BD
 2015-05-01 23:49:18 INFO pool-1-thread-16 com.shopspider.thread.ParseListByKeyWordThread:77- Cant't parse total shop count in page :http://s.taobao.com/search?&app=shopsearch&q=%CB%AE%BD%C8
 2015-05-01 23:49:18 INFO pool-1-thread-14 com.shopspider.thread.ParseListByKeyWordThread:77- Cant't parse total shop count in page :http://s.taobao.com/search?&app=shopsearch&q=%D0%DD%CF%D0%BF%E3
 2015-05-01 23:49:18 INFO pool-1-thread-15 com.shopspider.thread.ParseListByKeyWordThread:77- Cant't parse total shop count in page :http://s.taobao.com/search?&app=shopsearch&q=%BC%E5%BD%C8
 2015-05-01 23:49:18 INFO pool-1-thread-10 com.shopspider.thread.ParseListByKeyWordThread:77- Cant't parse total shop count in page :http://s.taobao.com/search?&app=shopsearch&q=%C5%A3%D7%D0%BF%E3
 2015-05-01 23:49:18 INFO pool-1-thread-8 com.shopspider.thread.ParseListByKeyWordThread:77- Cant't parse total shop count in page :http://s.taobao.com/search?&app=shopsearch&q=%C8%DE%C9%C0
 2015-05-01 23:49:18 INFO pool-1-thread-12 com.shopspider.thread.ParseListByKeyWordThread:77- Cant't parse total shop count in page :http://s.taobao.com/search?&app=shopsearch&q=%CF%CA%C8%E2
 2015-05-01 23:49:18 INFO pool-1-thread-11 com.shopspider.thread.ParseListByKeyWordThread:77- Cant't parse total shop count in page :http://s.taobao.com/search?&app=shopsearch&q=%B6%CC%CD%E2%CC%D7
 2015-05-01 23:49:18 INFO pool-1-thread-16 com.shopspider.thread.ParseListByKeyWordThread:77- Cant't parse total shop count in page :http://s.taobao.com/search?&app=shopsearch&q=%B1%B3%D0%C4%B5%F5%B4%F8
 2015-05-01 23:49:18 INFO pool-1-thread-15 com.shopspider.thread.ParseListByKeyWordThread:77- Cant't parse total shop count in page :http://s.taobao.com/search?&app=shopsearch&q=%C1%AC%D2%C2%C8%B9
 2015-05-01 23:49:19 INFO pool-1-thread-14 com.shopspider.thread.ParseListByKeyWordThread:77- Cant't parse total shop count in page :http://s.taobao.com/search?&app=shopsearch&q=%B3%C4%C9%C0
 2015-05-01 23:49:19 INFO pool-1-thread-7 com.shopspider.thread.ParseListByKeyWordThread:77- Cant't parse total shop count in page :http://s.taobao.com/search?&app=shopsearch&q=%BA%AB%CF%B5
 2015-05-01 23:49:19 INFO pool-1-thread-8 com.shopspider.thread.ParseListByKeyWordThread:77- Cant't parse total shop count in page :http://s.taobao.com/search?&app=shopsearch&q=%E2%C6%E2%BD
 2015-05-01 23:49:19 INFO pool-1-thread-11 com.shopspider.thread.ParseListByKeyWordThread:77- Cant't parse total shop count in page :http://s.taobao.com/search?&app=shopsearch&q=%B3%C2%B0%A2%D2%CC
 2015-05-01 23:49:19 INFO pool-1-thread-10 com.shopspider.thread.ParseListByKeyWordThread:77- Cant't parse total shop count in page :http://s.taobao.com/search?&app=shopsearch&q=%C3%E6%CA%B3
 2015-05-01 23:49:19 INFO pool-1-thread-12 com.shopspider.thread.ParseListByKeyWordThread:77- Cant't parse total shop count in page :http://s.taobao.com/search?&app=shopsearch&q=%C4%DA%CF%FA
 2015-05-01 23:49:19 INFO pool-1-thread-16 com.shopspider.thread.ParseListByKeyWordThread:77- Cant't parse total shop count in page :http://s.taobao.com/search?&app=shopsearch&q=%CE%C0%D2%C2
 2015-05-01 23:49:19 INFO pool-1-thread-15 com.shopspider.thread.ParseListByKeyWordThread:77- Cant't parse total shop count in page :http://s.taobao.com/search?&app=shopsearch&q=t%D0%F4
 2015-05-01 23:49:19 INFO pool-1-thread-9 com.shopspider.thread.ParseListByKeyWordThread:77- Cant't parse total shop count in page :http://s.taobao.com/search?&app=shopsearch&q=%BC%F2%D4%BC
 2015-05-01 23:49:19 INFO pool-1-thread-14 com.shopspider.thread.ParseListByKeyWordThread:77- Cant't parse total shop count in page :http://s.taobao.com/search?&app=shopsearch&q=%D1%C5%C5%B5
 2015-05-01 23:49:19 INFO pool-1-thread-10 com.shopspider.thread.ParseListByKeyWordThread:77- Cant't parse total shop count in page :http://s.taobao.com/search?&app=shopsearch&q=%B4%F3%C2%EB
 2015-05-01 23:49:19 INFO pool-1-thread-2 com.shopspider.thread.ParseShopListPageThread:133- There are/is 0 shops in shopsContainer
 2015-05-01 23:49:19 INFO pool-1-thread-8 com.shopspider.thread.ParseListByKeyWordThread:77- Cant't parse total shop count in page :http://s.taobao.com/search?&app=shopsearch&q=%CF%C4%BC%BE
 2015-05-01 23:49:19 INFO pool-1-thread-7 com.shopspider.thread.ParseListByKeyWordThread:77- Cant't parse total shop count in page :http://s.taobao.com/search?&app=shopsearch&q=%D6%D0%B3%A4%BF%EE
 2015-05-01 23:49:19 INFO pool-1-thread-12 com.shopspider.thread.ParseListByKeyWordThread:77- Cant't parse total shop count in page :http://s.taobao.com/search?&app=shopsearch&q=%D4%D0%B8%BE%CF%C4%D7%B0
 2015-05-01 23:49:19 INFO pool-1-thread-16 com.shopspider.thread.ParseListByKeyWordThread:77- Cant't parse total shop count in page :http://s.taobao.com/search?&app=shopsearch&q=%D4%D0%B8%BE%B4%BA%D7%B0
 2015-05-01 23:49:19 INFO pool-1-thread-15 com.shopspider.thread.ParseListByKeyWordThread:77- Cant't parse total shop count in page :http://s.taobao.com/search?&app=shopsearch&q=%D4%D0%B8%BE%D7%B0
 2015-05-01 23:49:20 INFO pool-1-thread-11 com.shopspider.thread.ParseListByKeyWordThread:77- Cant't parse total shop count in page :http://s.taobao.com/search?&app=shopsearch&q=%CF%C4%D7%B0%C9%CF%D2%C2
 2015-05-01 23:49:20 INFO pool-1-thread-14 com.shopspider.thread.ParseListByKeyWordThread:77- Cant't parse total shop count in page :http://s.taobao.com/search?&app=shopsearch&q=%D4%D0%B8%BE%C1%AC%D2%C2%C8%B9
 2015-05-01 23:49:20 INFO pool-1-thread-13 com.shopspider.thread.ParseListByKeyWordThread:77- Cant't parse total shop count in page :http://s.taobao.com/search?&app=shopsearch&q=reddeer
 2015-05-01 23:49:20 INFO pool-1-thread-11 com.shopspider.thread.ParseListByKeyWordThread:77- Cant't parse total shop count in page :http://s.taobao.com/search?&app=shopsearch&q=%BA%AB%B0%E6
 2015-05-01 23:49:20 INFO pool-1-thread-9 com.shopspider.thread.ParseListByKeyWordThread:77- Cant't parse total shop count in page :http://s.taobao.com/search?&app=shopsearch&q=%D4%D0%B8%BE%C8%B9%D7%D3
 2015-05-01 23:49:20 INFO pool-1-thread-16 com.shopspider.thread.ParseListByKeyWordThread:77- Cant't parse total shop count in page :http://s.taobao.com/search?&app=shopsearch&q=%B4%BF%C3%DE
 2015-05-01 23:49:20 INFO pool-1-thread-15 com.shopspider.thread.ParseListByKeyWordThread:77- Cant't parse total shop count in page :http://s.taobao.com/search?&app=shopsearch&q=%BA%AB%B9%FA
 2015-05-01 23:49:20 INFO pool-1-thread-8 com.shopspider.thread.ParseListByKeyWordThread:77- Cant't parse total shop count in page :http://s.taobao.com/search?&app=shopsearch&q=%B4%F2%B5%D7%C9%C0
 2015-05-01 23:49:20 INFO pool-1-thread-13 com.shopspider.thread.ParseListByKeyWordThread:77- Cant't parse total shop count in page :http://s.taobao.com/search?&app=shopsearch&q=%D4%D0%B8%BE%BF%E3
 2015-05-01 23:49:20 INFO pool-1-thread-9 com.shopspider.thread.ParseListByKeyWordThread:77- Cant't parse total shop count in page :http://s.taobao.com/search?&app=shopsearch&q=%C8%DE%C9%C0
 2015-05-01 23:49:20 INFO pool-1-thread-15 com.shopspider.thread.ParseListByKeyWordThread:77- Cant't parse total shop count in page :http://s.taobao.com/search?&app=shopsearch&q=%C5%AE%D7%B0
 2015-05-01 23:50:19 INFO main org.springframework.context.support.ClassPathXmlApplicationContext:513- Refreshing org.springframework.context.support.ClassPathXmlApplicationContext@53bd815b: startup date [Fri May 01 23:50:19 CST 2015]; root of context hierarchy
 2015-05-01 23:50:19 INFO main org.springframework.beans.factory.xml.XmlBeanDefinitionReader:316- Loading XML bean definitions from class path resource [beans.xml]
 2015-05-01 23:50:20 INFO main org.springframework.orm.hibernate3.annotation.AnnotationSessionFactoryBean:713- Building new Hibernate SessionFactory
 2015-05-01 23:50:21 INFO main org.springframework.orm.hibernate3.HibernateTransactionManager:418- Using DataSource [org.apache.commons.dbcp.BasicDataSource@7749bf93] of Hibernate SessionFactory for HibernateTransactionManager
 2015-05-01 23:50:21 INFO main com.shopspider.container.ShopsContainer:36- begin to get shop urls which already exist
 2015-05-01 23:50:26 INFO main com.shopspider.main.ProcessControlImpl:48- The process's bContinue is :false
 2015-05-01 23:50:26 INFO pool-1-thread-1 com.shopspider.thread.InitialParseThread:67- InitialPareseThread begin to run!
 2015-05-01 23:50:26 INFO pool-1-thread-17 com.shopspider.thread.ShopDBThread:50- ShopDBTread get no shops to operate!
 2015-05-01 23:50:26 INFO pool-1-thread-1 com.shopspider.thread.InitialParseThread:404- Get 60 formattedCat2PageUrl
 2015-05-01 23:50:36 INFO pool-1-thread-17 com.shopspider.thread.ShopDBThread:50- ShopDBTread get no shops to operate!
 2015-05-01 23:50:46 INFO pool-1-thread-2 com.shopspider.container.PageCollectionsContainer:79- takePageColletions for catNameŮװ
 2015-05-01 23:50:46 INFO pool-1-thread-6 com.shopspider.container.PageCollectionsContainer:79- takePageColletions for catNameŮװ
 2015-05-01 23:50:46 INFO pool-1-thread-3 com.shopspider.container.PageCollectionsContainer:79- takePageColletions for catNameŮװ
 2015-05-01 23:50:46 INFO pool-1-thread-4 com.shopspider.container.PageCollectionsContainer:79- takePageColletions for catNameŮװ
 2015-05-01 23:50:46 INFO pool-1-thread-5 com.shopspider.container.PageCollectionsContainer:79- takePageColletions for catNameŮװ
 2015-05-01 23:50:46 INFO pool-1-thread-17 com.shopspider.thread.ShopDBThread:50- ShopDBTread get no shops to operate!
 2015-05-01 23:50:46 INFO pool-1-thread-15 com.shopspider.thread.ParseListByKeyWordThread:84- Add key word page :http://s.taobao.com/search?&app=shopsearch&q=2015%C5%AE%D7%B0
 2015-05-01 23:50:47 INFO pool-1-thread-13 com.shopspider.thread.ParseListByKeyWordThread:84- Add key word page :http://s.taobao.com/search?&app=shopsearch&q=%BA%AB%B6%BC%D2%C2%C9%E1
 2015-05-01 23:50:47 INFO pool-1-thread-14 com.shopspider.thread.ParseListByKeyWordThread:84- Add key word page :http://s.taobao.com/search?&app=shopsearch&q=%B4%F2%B5%D7%BF%E3
 2015-05-01 23:50:47 INFO pool-1-thread-8 com.shopspider.thread.ParseListByKeyWordThread:84- Add key word page :http://s.taobao.com/search?&app=shopsearch&q=%C1%AC%D2%C2%C8%B9
 2015-05-01 23:50:47 INFO pool-1-thread-12 com.shopspider.thread.ParseListByKeyWordThread:84- Add key word page :http://s.taobao.com/search?&app=shopsearch&q=%C3%AB%D2%C2
 2015-05-01 23:50:47 INFO pool-1-thread-10 com.shopspider.thread.ParseListByKeyWordThread:84- Add key word page :http://s.taobao.com/search?&app=shopsearch&q=%D5%EB%D6%AF%C9%C0
 2015-05-01 23:50:47 INFO pool-1-thread-7 com.shopspider.thread.ParseListByKeyWordThread:84- Add key word page :http://s.taobao.com/search?&app=shopsearch&q=%BA%AB%B0%E6%D0%C2%BF%EE
 2015-05-01 23:50:47 INFO pool-1-thread-9 com.shopspider.thread.ParseListByKeyWordThread:84- Add key word page :http://s.taobao.com/search?&app=shopsearch&q=%B4%F2%B5%D7%C9%C0
 2015-05-01 23:50:47 INFO pool-1-thread-16 com.shopspider.thread.ParseListByKeyWordThread:84- Add key word page :http://s.taobao.com/search?&app=shopsearch&q=T%D0%F4
 2015-05-01 23:50:47 INFO pool-1-thread-11 com.shopspider.thread.ParseListByKeyWordThread:84- Add key word page :http://s.taobao.com/search?&app=shopsearch&q=%C5%AE%D7%B0
 2015-05-01 23:50:56 INFO pool-1-thread-17 com.shopspider.thread.ShopDBThread:44- ShopDBTread get 88 shops to operate!
 2015-05-01 23:50:56 INFO pool-1-thread-2 com.shopspider.thread.ParseShopListPageThread:133- There are/is 0 shops in shopsContainer
 2015-05-01 23:50:56 INFO pool-1-thread-6 com.shopspider.thread.ParseShopListPageThread:133- There are/is 0 shops in shopsContainer
 2015-05-01 23:50:57 INFO pool-1-thread-4 com.shopspider.thread.ParseShopListPageThread:133- There are/is 36 shops in shopsContainer
 2015-05-01 23:50:57 INFO pool-1-thread-5 com.shopspider.thread.ParseShopListPageThread:133- There are/is 36 shops in shopsContainer
 2015-05-01 23:50:58 INFO pool-1-thread-3 com.shopspider.thread.ParseShopListPageThread:133- There are/is 72 shops in shopsContainer
 2015-05-01 23:51:06 INFO pool-1-thread-17 com.shopspider.thread.ShopDBThread:44- ShopDBTread get 92 shops to operate!
 2015-05-01 23:51:07 INFO pool-1-thread-2 com.shopspider.thread.ParseShopListPageThread:133- There are/is 0 shops in shopsContainer
 2015-05-01 23:51:07 INFO pool-1-thread-6 com.shopspider.thread.ParseShopListPageThread:133- There are/is 0 shops in shopsContainer
 2015-05-01 23:51:07 INFO pool-1-thread-4 com.shopspider.thread.ParseShopListPageThread:133- There are/is 32 shops in shopsContainer
 2015-05-01 23:51:08 INFO pool-1-thread-5 com.shopspider.thread.ParseShopListPageThread:133- There are/is 32 shops in shopsContainer
 2015-05-01 23:51:08 INFO pool-1-thread-3 com.shopspider.thread.ParseShopListPageThread:133- There are/is 66 shops in shopsContainer
 2015-05-01 23:51:17 INFO pool-1-thread-17 com.shopspider.thread.ShopDBThread:44- ShopDBTread get 85 shops to operate!
 2015-05-01 23:51:17 INFO pool-1-thread-15 com.shopspider.thread.ParseListByKeyWordThread:84- Add key word page :http://s.taobao.com/search?&app=shopsearch&q=%B6%CC%BF%E3
 2015-05-01 23:51:17 INFO pool-1-thread-13 com.shopspider.thread.ParseListByKeyWordThread:84- Add key word page :http://s.taobao.com/search?&app=shopsearch&q=%D1%A9%B7%C4%C9%C0
 2015-05-01 23:51:17 INFO pool-1-thread-2 com.shopspider.thread.ParseShopListPageThread:133- There are/is 0 shops in shopsContainer
 2015-05-01 23:51:17 INFO pool-1-thread-6 com.shopspider.thread.ParseShopListPageThread:133- There are/is 0 shops in shopsContainer
 2015-05-01 23:51:17 INFO pool-1-thread-12 com.shopspider.thread.ParseListByKeyWordThread:84- Add key word page :http://s.taobao.com/search?&app=shopsearch&q=%B0%EB%C9%ED%C8%B9
 2015-05-01 23:51:17 INFO pool-1-thread-14 com.shopspider.thread.ParseListByKeyWordThread:84- Add key word page :http://s.taobao.com/search?&app=shopsearch&q=%D6%D0%B3%A4%BF%EE%CD%E2%CC%D7
 2015-05-01 23:51:17 INFO pool-1-thread-9 com.shopspider.thread.ParseListByKeyWordThread:84- Add key word page :http://s.taobao.com/search?&app=shopsearch&q=%D0%B1%BF%E6%B0%FC
 2015-05-01 23:51:17 INFO pool-1-thread-7 com.shopspider.thread.ParseListByKeyWordThread:84- Add key word page :http://s.taobao.com/search?&app=shopsearch&q=%C3%AB%C4%D8%CD%E2%CC%D7%A3%AC%B5%A5%BC%E7%B0%FC
 2015-05-01 23:51:17 INFO pool-1-thread-8 com.shopspider.thread.ParseListByKeyWordThread:84- Add key word page :http://s.taobao.com/search?&app=shopsearch&q=%B6%CC%CD%E2%CC%D7
 2015-05-01 23:51:18 INFO pool-1-thread-11 com.shopspider.thread.ParseListByKeyWordThread:84- Add key word page :http://s.taobao.com/search?&app=shopsearch&q=%B8%DF%B0%EF%D0%AC%A3%AC%CA%D6%C1%B4%CA%D6%EF%ED%A3%AC%C3%B1%D7%D3
 2015-05-01 23:51:18 INFO pool-1-thread-16 com.shopspider.thread.ParseListByKeyWordThread:84- Add key word page :http://s.taobao.com/search?&app=shopsearch&q=%CA%D6%CC%E1%B0%FC%A3%AC%B6%CC%D1%A5%B5%CD%B0%EF%D0%AC
 2015-05-01 23:51:18 INFO pool-1-thread-4 com.shopspider.thread.ParseShopListPageThread:133- There are/is 34 shops in shopsContainer
 2015-05-01 23:51:18 INFO pool-1-thread-5 com.shopspider.thread.ParseShopListPageThread:133- There are/is 54 shops in shopsContainer
 2015-05-01 23:51:18 INFO pool-1-thread-10 com.shopspider.thread.ParseListByKeyWordThread:84- Add key word page :http://s.taobao.com/search?&app=shopsearch&q=%C5%A3%D7%D0%BF%E3
 2015-05-01 23:51:19 INFO pool-1-thread-3 com.shopspider.thread.ParseShopListPageThread:133- There are/is 68 shops in shopsContainer
 2015-05-01 23:51:27 INFO pool-1-thread-17 com.shopspider.thread.ShopDBThread:44- ShopDBTread get 88 shops to operate!
 2015-05-01 23:51:28 INFO pool-1-thread-6 com.shopspider.thread.ParseShopListPageThread:133- There are/is 0 shops in shopsContainer
 2015-05-01 23:51:28 INFO pool-1-thread-2 com.shopspider.thread.ParseShopListPageThread:133- There are/is 0 shops in shopsContainer
 2015-05-01 23:51:28 INFO pool-1-thread-4 com.shopspider.thread.ParseShopListPageThread:133- There are/is 0 shops in shopsContainer
 2015-05-01 23:51:28 INFO pool-1-thread-5 com.shopspider.thread.ParseShopListPageThread:133- There are/is 54 shops in shopsContainer
 2015-05-01 23:51:29 INFO pool-1-thread-3 com.shopspider.thread.ParseShopListPageThread:133- There are/is 70 shops in shopsContainer
 2015-05-01 23:51:37 INFO pool-1-thread-17 com.shopspider.thread.ShopDBThread:44- ShopDBTread get 90 shops to operate!
 2015-05-01 23:51:38 INFO pool-1-thread-2 com.shopspider.thread.ParseShopListPageThread:133- There are/is 0 shops in shopsContainer
 2015-05-01 23:51:38 INFO pool-1-thread-2 com.shopspider.container.PageCollectionsContainer:79- takePageColletions for catNameװ
 2015-05-01 23:51:38 INFO pool-1-thread-6 com.shopspider.thread.ParseShopListPageThread:133- There are/is 0 shops in shopsContainer
 2015-05-01 23:51:38 INFO pool-1-thread-6 com.shopspider.container.PageCollectionsContainer:79- takePageColletions for catNameŮװ
 2015-05-01 23:51:38 INFO pool-1-thread-4 com.shopspider.thread.ParseShopListPageThread:133- There are/is 0 shops in shopsContainer
 2015-05-01 23:51:38 INFO pool-1-thread-4 com.shopspider.container.PageCollectionsContainer:79- takePageColletions for catNameװ
 2015-05-01 23:53:44 INFO main org.springframework.context.support.ClassPathXmlApplicationContext:513- Refreshing org.springframework.context.support.ClassPathXmlApplicationContext@53bd815b: startup date [Fri May 01 23:53:44 CST 2015]; root of context hierarchy
 2015-05-01 23:53:44 INFO main org.springframework.beans.factory.xml.XmlBeanDefinitionReader:316- Loading XML bean definitions from class path resource [beans.xml]
 2015-05-01 23:53:45 INFO main org.springframework.orm.hibernate3.annotation.AnnotationSessionFactoryBean:713- Building new Hibernate SessionFactory
 2015-05-01 23:53:45 INFO main org.springframework.orm.hibernate3.HibernateTransactionManager:418- Using DataSource [org.apache.commons.dbcp.BasicDataSource@7749bf93] of Hibernate SessionFactory for HibernateTransactionManager
 2015-05-01 23:53:46 INFO main com.shopspider.container.ShopsContainer:36- begin to get shop urls which already exist
 2015-05-01 23:53:50 INFO main com.shopspider.main.ProcessControlImpl:48- The process's bContinue is :false
 2015-05-01 23:53:50 INFO pool-1-thread-1 com.shopspider.thread.InitialParseThread:67- InitialPareseThread begin to run!
 2015-05-01 23:53:50 INFO pool-1-thread-17 com.shopspider.thread.ShopDBThread:50- ShopDBTread get no shops to operate!
 2015-05-01 23:53:50 INFO pool-1-thread-1 com.shopspider.thread.InitialParseThread:404- Get 60 formattedCat2PageUrl
 2015-05-01 23:54:00 INFO pool-1-thread-17 com.shopspider.thread.ShopDBThread:50- ShopDBTread get no shops to operate!
 2015-05-01 23:54:10 INFO pool-1-thread-3 com.shopspider.container.PageCollectionsContainer:79- takePageColletions for catNameŮװ
 2015-05-01 23:54:10 INFO pool-1-thread-2 com.shopspider.container.PageCollectionsContainer:79- takePageColletions for catNameŮװ
 2015-05-01 23:54:10 INFO pool-1-thread-6 com.shopspider.container.PageCollectionsContainer:79- takePageColletions for catNameŮװ
 2015-05-01 23:54:10 INFO pool-1-thread-4 com.shopspider.container.PageCollectionsContainer:79- takePageColletions for catNameŮװ
 2015-05-01 23:54:10 INFO pool-1-thread-5 com.shopspider.container.PageCollectionsContainer:79- takePageColletions for catNameŮװ
 2015-05-01 23:54:10 INFO pool-1-thread-17 com.shopspider.thread.ShopDBThread:50- ShopDBTread get no shops to operate!
 2015-05-01 23:54:10 INFO pool-1-thread-15 com.shopspider.thread.ParseListByKeyWordThread:84- Add key word page :http://s.taobao.com/search?&app=shopsearch&q=%D0%A1%B7%AC%D0%DC
 2015-05-01 23:54:11 INFO pool-1-thread-12 com.shopspider.thread.ParseListByKeyWordThread:84- Add key word page :http://s.taobao.com/search?&app=shopsearch&q=%C1%AC%D2%C2%C8%B9
 2015-05-01 23:54:11 INFO pool-1-thread-9 com.shopspider.thread.ParseListByKeyWordThread:84- Add key word page :http://s.taobao.com/search?&app=shopsearch&q=%CB%BF%CD%E0
 2015-05-01 23:54:11 INFO pool-1-thread-11 com.shopspider.thread.ParseListByKeyWordThread:84- Add key word page :http://s.taobao.com/search?&app=shopsearch&q=%C9%CF%D2%C2
 2015-05-01 23:54:11 INFO pool-1-thread-7 com.shopspider.thread.ParseListByKeyWordThread:84- Add key word page :http://s.taobao.com/search?&app=shopsearch&q=%CD%E2%C3%B3%D4%AD%B5%A5
 2015-05-01 23:54:11 INFO pool-1-thread-13 com.shopspider.thread.ParseListByKeyWordThread:84- Add key word page :http://s.taobao.com/search?&app=shopsearch&q=kg
 2015-05-01 23:54:11 INFO pool-1-thread-10 com.shopspider.thread.ParseListByKeyWordThread:84- Add key word page :http://s.taobao.com/search?&app=shopsearch&q=%D0%A1%B7%AC%C7%D1
 2015-05-01 23:54:11 INFO pool-1-thread-8 com.shopspider.thread.ParseListByKeyWordThread:84- Add key word page :http://s.taobao.com/search?&app=shopsearch&q=%D0%DE%C9%ED
 2015-05-01 23:54:11 INFO pool-1-thread-14 com.shopspider.thread.ParseListByKeyWordThread:84- Add key word page :http://s.taobao.com/search?&app=shopsearch&q=%D3%A1%BB%A8
 2015-05-01 23:54:13 INFO pool-1-thread-16 com.shopspider.thread.ParseListByKeyWordThread:84- Add key word page :http://s.taobao.com/search?&app=shopsearch&q=%B4%CC%D0%E5
 2015-05-01 23:54:20 INFO pool-1-thread-17 com.shopspider.thread.ShopDBThread:44- ShopDBTread get 59 shops to operate!
 2015-05-01 23:54:20 INFO pool-1-thread-2 com.shopspider.thread.ParseShopListPageThread:133- There are/is 0 shops in shopsContainer
 2015-05-01 23:54:20 INFO pool-1-thread-3 com.shopspider.thread.ParseShopListPageThread:133- There are/is 0 shops in shopsContainer
 2015-05-01 23:54:21 INFO pool-1-thread-6 com.shopspider.thread.ParseShopListPageThread:133- There are/is 0 shops in shopsContainer
 2015-05-01 23:54:21 INFO pool-1-thread-6 com.shopspider.container.PageCollectionsContainer:79- takePageColletions for catNameŮװ
 2015-05-01 23:54:21 INFO pool-1-thread-4 com.shopspider.thread.ParseShopListPageThread:133- There are/is 52 shops in shopsContainer
 2015-05-01 23:54:21 INFO pool-1-thread-5 com.shopspider.thread.ParseShopListPageThread:133- There are/is 52 shops in shopsContainer
 2015-05-01 23:54:30 INFO pool-1-thread-17 com.shopspider.thread.ShopDBThread:44- ShopDBTread get 70 shops to operate!
 2015-05-01 23:54:31 INFO pool-1-thread-2 com.shopspider.thread.ParseShopListPageThread:133- There are/is 0 shops in shopsContainer
 2015-05-01 23:54:31 INFO pool-1-thread-3 com.shopspider.thread.ParseShopListPageThread:133- There are/is 0 shops in shopsContainer
 2015-05-01 23:54:31 INFO pool-1-thread-6 com.shopspider.thread.ParseShopListPageThread:133- There are/is 0 shops in shopsContainer
 2015-05-01 23:54:31 INFO pool-1-thread-4 com.shopspider.thread.ParseShopListPageThread:133- There are/is 20 shops in shopsContainer
 